# JRE version: Java(TM) SE Runtime Environment (8.0_221-b11) (build 1.8.0_221-b11)
# Java VM: Java HotSpot(TM) 64-Bit Server VM (25.221-b11 mixed mode windows-amd64 compressed oops)
Heap:
 PSYoungGen      total 190976K, used 80421K [0x0000000716180000, 0x0000000723b00000, 0x00000007c0000000)
  eden space 169472K, 34% used [0x0000000716180000,0x0000000719b0e868,0x0000000720700000)
  from space 21504K, 99% used [0x0000000722600000,0x0000000723afac78,0x0000000723b00000)
  to   space 21504K, 0% used [0x0000000721100000,0x0000000721100000,0x0000000722600000)
 ParOldGen       total 380416K, used 13899K [0x00000005c2400000, 0x00000005d9780000, 0x0000000716180000)
  object space 380416K, 3% used [0x00000005c2400000,0x00000005c3192df8,0x00000005d9780000)
 Metaspace       used 47167K, capacity 47858K, committed 48128K, reserved 1091584K
  class space    used 5959K, capacity 6129K, committed 6144K, reserved 1048576K
GC Heap History (10 events):
Event: 1.386 GC heap before
{Heap before GC invocations=2 (full 1):
 PSYoungGen      total 152576K, used 12449K [0x0000000716180000, 0x0000000720b80000, 0x00000007c0000000)
  eden space 131072K, 0% used [0x0000000716180000,0x0000000716180000,0x000000071e180000)
  from space 21504K, 57% used [0x000000071e180000,0x000000071eda8778,0x000000071f680000)
  to   space 21504K, 0% used [0x000000071f680000,0x000000071f680000,0x0000000720b80000)
 ParOldGen       total 348160K, used 16K [0x00000005c2400000, 0x00000005d7800000, 0x0000000716180000)
  object space 348160K, 0% used [0x00000005c2400000,0x00000005c2404000,0x00000005d7800000)
 Metaspace       used 20819K, capacity 21078K, committed 21296K, reserved 1069056K
  class space    used 2578K, capacity 2663K, committed 2688K, reserved 1048576K
Event: 1.415 GC heap after
Heap after GC invocations=2 (full 1):
 PSYoungGen      total 152576K, used 0K [0x0000000716180000, 0x0000000720b80000, 0x00000007c0000000)
  eden space 131072K, 0% used [0x0000000716180000,0x0000000716180000,0x000000071e180000)
  from space 21504K, 0% used [0x000000071e180000,0x000000071e180000,0x000000071f680000)
  to   space 21504K, 0% used [0x000000071f680000,0x000000071f680000,0x0000000720b80000)
 ParOldGen       total 233984K, used 11930K [0x00000005c2400000, 0x00000005d0880000, 0x0000000716180000)
  object space 233984K, 5% used [0x00000005c2400000,0x00000005c2fa6ab8,0x00000005d0880000)
 Metaspace       used 20819K, capacity 21078K, committed 21296K, reserved 1069056K
  class space    used 2578K, capacity 2663K, committed 2688K, reserved 1048576K
}
Event: 2.669 GC heap before
{Heap before GC invocations=3 (full 1):
 PSYoungGen      total 152576K, used 131072K [0x0000000716180000, 0x0000000720b80000, 0x00000007c0000000)
  eden space 131072K, 100% used [0x0000000716180000,0x000000071e180000,0x000000071e180000)
  from space 21504K, 0% used [0x000000071e180000,0x000000071e180000,0x000000071f680000)
  to   space 21504K, 0% used [0x000000071f680000,0x000000071f680000,0x0000000720b80000)
 ParOldGen       total 233984K, used 11930K [0x00000005c2400000, 0x00000005d0880000, 0x0000000716180000)
  object space 233984K, 5% used [0x00000005c2400000,0x00000005c2fa6ab8,0x00000005d0880000)
 Metaspace       used 32658K, capacity 33260K, committed 33536K, reserved 1079296K
  class space    used 4188K, capacity 4316K, committed 4352K, reserved 1048576K
Event: 2.678 GC heap after
Heap after GC invocations=3 (full 1):
 PSYoungGen      total 152576K, used 13336K [0x0000000716180000, 0x0000000723000000, 0x00000007c0000000)
  eden space 131072K, 0% used [0x0000000716180000,0x0000000716180000,0x000000071e180000)
  from space 21504K, 62% used [0x000000071f680000,0x0000000720386320,0x0000000720b80000)
  to   space 21504K, 0% used [0x000000071e180000,0x000000071e180000,0x000000071f680000)
 ParOldGen       total 233984K, used 11938K [0x00000005c2400000, 0x00000005d0880000, 0x0000000716180000)
  object space 233984K, 5% used [0x00000005c2400000,0x00000005c2fa8ab8,0x00000005d0880000)
 Metaspace       used 32658K, capacity 33260K, committed 33536K, reserved 1079296K
  class space    used 4188K, capacity 4316K, committed 4352K, reserved 1048576K
}
Event: 2.904 GC heap before
{Heap before GC invocations=4 (full 1):
 PSYoungGen      total 152576K, used 46141K [0x0000000716180000, 0x0000000723000000, 0x00000007c0000000)
  eden space 131072K, 25% used [0x0000000716180000,0x0000000718189178,0x000000071e180000)
  from space 21504K, 62% used [0x000000071f680000,0x0000000720386320,0x0000000720b80000)
  to   space 21504K, 0% used [0x000000071e180000,0x000000071e180000,0x000000071f680000)
 ParOldGen       total 233984K, used 11938K [0x00000005c2400000, 0x00000005d0880000, 0x0000000716180000)
  object space 233984K, 5% used [0x00000005c2400000,0x00000005c2fa8ab8,0x00000005d0880000)
 Metaspace       used 34707K, capacity 35250K, committed 35456K, reserved 1079296K
  class space    used 4506K, capacity 4637K, committed 4736K, reserved 1048576K
Event: 2.908 GC heap after
Heap after GC invocations=4 (full 1):
 PSYoungGen      total 152576K, used 8564K [0x0000000716180000, 0x0000000723b00000, 0x00000007c0000000)
  eden space 131072K, 0% used [0x0000000716180000,0x0000000716180000,0x000000071e180000)
  from space 21504K, 39% used [0x000000071e180000,0x000000071e9dd288,0x000000071f680000)
  to   space 21504K, 0% used [0x0000000722600000,0x0000000722600000,0x0000000723b00000)
 ParOldGen       total 233984K, used 11946K [0x00000005c2400000, 0x00000005d0880000, 0x0000000716180000)
  object space 233984K, 5% used [0x00000005c2400000,0x00000005c2faaab8,0x00000005d0880000)
 Metaspace       used 34707K, capacity 35250K, committed 35456K, reserved 1079296K
  class space    used 4506K, capacity 4637K, committed 4736K, reserved 1048576K
}
Event: 2.909 GC heap before
{Heap before GC invocations=5 (full 2):
 PSYoungGen      total 152576K, used 8564K [0x0000000716180000, 0x0000000723b00000, 0x00000007c0000000)
  eden space 131072K, 0% used [0x0000000716180000,0x0000000716180000,0x000000071e180000)
  from space 21504K, 39% used [0x000000071e180000,0x000000071e9dd288,0x000000071f680000)
  to   space 21504K, 0% used [0x0000000722600000,0x0000000722600000,0x0000000723b00000)
 ParOldGen       total 233984K, used 11946K [0x00000005c2400000, 0x00000005d0880000, 0x0000000716180000)
  object space 233984K, 5% used [0x00000005c2400000,0x00000005c2faaab8,0x00000005d0880000)
 Metaspace       used 34707K, capacity 35250K, committed 35456K, reserved 1079296K
  class space    used 4506K, capacity 4637K, committed 4736K, reserved 1048576K
Event: 2.946 GC heap after
Heap after GC invocations=5 (full 2):
 PSYoungGen      total 152576K, used 0K [0x0000000716180000, 0x0000000723b00000, 0x00000007c0000000)
  eden space 131072K, 0% used [0x0000000716180000,0x0000000716180000,0x000000071e180000)
  from space 21504K, 0% used [0x000000071e180000,0x000000071e180000,0x000000071f680000)
  to   space 21504K, 0% used [0x0000000722600000,0x0000000722600000,0x0000000723b00000)
 ParOldGen       total 380416K, used 13421K [0x00000005c2400000, 0x00000005d9780000, 0x0000000716180000)
  object space 380416K, 3% used [0x00000005c2400000,0x00000005c311b560,0x00000005d9780000)
 Metaspace       used 34707K, capacity 35250K, committed 35456K, reserved 1079296K
  class space    used 4506K, capacity 4637K, committed 4736K, reserved 1048576K
}
Event: 11.398 GC heap before
{Heap before GC invocations=6 (full 2):
 PSYoungGen      total 152576K, used 131072K [0x0000000716180000, 0x0000000723b00000, 0x00000007c0000000)
  eden space 131072K, 100% used [0x0000000716180000,0x000000071e180000,0x000000071e180000)
  from space 21504K, 0% used [0x000000071e180000,0x000000071e180000,0x000000071f680000)
  to   space 21504K, 0% used [0x0000000722600000,0x0000000722600000,0x0000000723b00000)
 ParOldGen       total 380416K, used 13421K [0x00000005c2400000, 0x00000005d9780000, 0x0000000716180000)
  object space 380416K, 3% used [0x00000005c2400000,0x00000005c311b560,0x00000005d9780000)
 Metaspace       used 44980K, capacity 45711K, committed 46080K, reserved 1089536K
  class space    used 5629K, capacity 5825K, committed 5888K, reserved 1048576K
Event: 11.407 GC heap after
Heap after GC invocations=6 (full 2):
 PSYoungGen      total 190976K, used 21483K [0x0000000716180000, 0x0000000723b00000, 0x00000007c0000000)
  eden space 169472K, 0% used [0x0000000716180000,0x0000000716180000,0x0000000720700000)
  from space 21504K, 99% used [0x0000000722600000,0x0000000723afac78,0x0000000723b00000)
  to   space 21504K, 0% used [0x0000000721100000,0x0000000721100000,0x0000000722600000)
 ParOldGen       total 380416K, used 13899K [0x00000005c2400000, 0x00000005d9780000, 0x0000000716180000)
  object space 380416K, 3% used [0x00000005c2400000,0x00000005c3192df8,0x00000005d9780000)
 Metaspace       used 44980K, capacity 45711K, committed 46080K, reserved 1089536K
  class space    used 5629K, capacity 5825K, committed 5888K, reserved 1048576K
}

